<?xml version="1.0" encoding="UTF-8"?>
<testsuite name="com.kenzie.chat.webapi.controller.UserControllerTest" tests="2" skipped="0" failures="0" errors="0" timestamp="2023-09-17T00:57:44" hostname="BANANACOMP" time="0.247">
  <properties/>
  <testcase name="can_create_user()" classname="com.kenzie.chat.webapi.controller.UserControllerTest" time="0.069"/>
  <testcase name="can_get_user()" classname="com.kenzie.chat.webapi.controller.UserControllerTest" time="0.177"/>
  <system-out><![CDATA[2023-09-16 20:57:43  INFO  AbstractContextLoader - Could not detect default resource locations for test class [com.kenzie.chat.webapi.controller.UserControllerTest]: no resource found for suffixes {-context.xml, Context.groovy}.
2023-09-16 20:57:43  INFO  AnnotationConfigContextLoaderUtils - Could not detect default configuration classes for test class [com.kenzie.chat.webapi.controller.UserControllerTest]: UserControllerTest does not declare any static, non-private, non-final, nested classes annotated with @Configuration.
2023-09-16 20:57:43  INFO  SpringBootTestContextBootstrapper - Found @SpringBootConfiguration com.kenzie.chat.Application for test class com.kenzie.chat.webapi.controller.UserControllerTest
2023-09-16 20:57:43  INFO  SpringBootTestContextBootstrapper - Loaded default TestExecutionListener class names from location [META-INF/spring.factories]: [org.springframework.boot.test.autoconfigure.restdocs.RestDocsTestExecutionListener, org.springframework.boot.test.autoconfigure.web.client.MockRestServiceServerResetTestExecutionListener, org.springframework.boot.test.autoconfigure.web.servlet.MockMvcPrintOnlyOnFailureTestExecutionListener, org.springframework.boot.test.autoconfigure.web.servlet.WebDriverTestExecutionListener, org.springframework.boot.test.autoconfigure.webservices.client.MockWebServiceServerTestExecutionListener, org.springframework.boot.test.mock.mockito.MockitoTestExecutionListener, org.springframework.boot.test.mock.mockito.ResetMocksTestExecutionListener, org.springframework.test.context.web.ServletTestExecutionListener, org.springframework.test.context.support.DirtiesContextBeforeModesTestExecutionListener, org.springframework.test.context.event.ApplicationEventsTestExecutionListener, org.springframework.test.context.support.DependencyInjectionTestExecutionListener, org.springframework.test.context.support.DirtiesContextTestExecutionListener, org.springframework.test.context.transaction.TransactionalTestExecutionListener, org.springframework.test.context.jdbc.SqlScriptsTestExecutionListener, org.springframework.test.context.event.EventPublishingTestExecutionListener]
2023-09-16 20:57:43  INFO  SpringBootTestContextBootstrapper - Using TestExecutionListeners: [org.springframework.test.context.web.ServletTestExecutionListener@12673208, org.springframework.test.context.support.DirtiesContextBeforeModesTestExecutionListener@34e2e939, org.springframework.test.context.event.ApplicationEventsTestExecutionListener@6d972d80, org.springframework.boot.test.mock.mockito.MockitoTestExecutionListener@4d3f52c9, org.springframework.boot.test.autoconfigure.SpringBootDependencyInjectionTestExecutionListener@66e3de14, org.springframework.test.context.support.DirtiesContextTestExecutionListener@45eb58d0, org.springframework.test.context.transaction.TransactionalTestExecutionListener@11c496c0, org.springframework.test.context.jdbc.SqlScriptsTestExecutionListener@26da272b, org.springframework.test.context.event.EventPublishingTestExecutionListener@5eb15e9a, org.springframework.boot.test.autoconfigure.restdocs.RestDocsTestExecutionListener@4103b044, org.springframework.boot.test.autoconfigure.web.client.MockRestServiceServerResetTestExecutionListener@74445c32, org.springframework.boot.test.autoconfigure.web.servlet.MockMvcPrintOnlyOnFailureTestExecutionListener@3d0ceee, org.springframework.boot.test.autoconfigure.web.servlet.WebDriverTestExecutionListener@57c10580, org.springframework.boot.test.autoconfigure.webservices.client.MockWebServiceServerTestExecutionListener@b1c1eac, org.springframework.boot.test.mock.mockito.ResetMocksTestExecutionListener@5def7631]
]]></system-out>
  <system-err><![CDATA[]]></system-err>
</testsuite>
